============================================================
ОТЧЁТ О СТАТИСТИКЕ РЕПОЗИТОРИЯ
============================================================

Время анализа: 2026-02-22 01:18:36
Всего файлов: 3
Всего папок: 0
Всего элементов: 3
Общий объём: 9.48 KB
Средний размер файла: 3.16 KB

------------------------------------------------------------
РАСПРЕДЕЛЕНИЕ ПО РАСШИРЕНИЯМ:
------------------------------------------------------------
.py                       1 файлов (33.3%)
.txt                      1 файлов (33.3%)
.md                       1 файлов (33.3%)

------------------------------------------------------------
ТОП-10 САМЫХ БОЛЬШИХ ФАЙЛОВ:
------------------------------------------------------------
 1. analyze_repo.py                             7.95 KB
 2. README.md                                   1.53 KB
 3. requiremenents.txt                           0.00 B

============================================================
КОНЕЦ ОТЧЁТА
============================================================
